This is pdfTeX, Version 3.1415926-1.40.10 (TeX Live 2009/Debian) (format=pdflatex 2011.12.25)  10 APR 2012 13:21
entering extended mode
 %&-line parsing enabled.
**example.tex
(./example.tex
LaTeX2e <2009/09/24>
Babel <v3.8l> and hyphenation patterns for english, usenglishmax, dumylang, noh
yphenation, farsi, arabic, croatian, bulgarian, ukrainian, russian, czech, slov
ak, danish, dutch, finnish, french, basque, ngerman, german, german-x-2009-06-1
9, ngerman-x-2009-06-19, ibycus, monogreek, greek, ancientgreek, hungarian, san
skrit, italian, latin, latvian, lithuanian, mongolian2a, mongolian, bokmal, nyn
orsk, romanian, irish, coptic, serbian, turkish, welsh, esperanto, uppersorbian
, estonian, indonesian, interlingua, icelandic, kurmanji, slovenian, polish, po
rtuguese, spanish, galician, catalan, swedish, ukenglish, pinyin, loaded.
(/usr/share/texmf-texlive/tex/latex/base/book.cls
Document Class: book 2007/10/19 v1.4h Standard LaTeX document class
(/usr/share/texmf-texlive/tex/latex/base/bk10.clo
File: bk10.clo 2007/10/19 v1.4h Standard LaTeX file (size option)
)
\c@part=\count79
\c@chapter=\count80
\c@section=\count81
\c@subsection=\count82
\c@subsubsection=\count83
\c@paragraph=\count84
\c@subparagraph=\count85
\c@figure=\count86
\c@table=\count87
\abovecaptionskip=\skip41
\belowcaptionskip=\skip42
\bibindent=\dimen102
) (./cslipubs.sty
Package: cslipubs 2002/05/23 style macros Copyright CSLI Publications

(/usr/share/texmf-texlive/tex/latex/base/ifthen.sty
Package: ifthen 2001/05/26 v1.1c Standard LaTeX ifthen package (DPC)
)
\serifindent=\skip43
\c@csli@sizenew=\count88
\dateup=\skip44
\dateleft=\skip45
\dateright=\skip46
\psp@raise=\skip47
\psp@width=\skip48
\toc@vgap=\skip49
\toc@inset=\skip50
\toc@numwidth=\skip51
\toc@pagegap=\skip52
\toc@marginchap=\skip53
\toc@marginsec=\skip54
\toc@marginsubsec=\skip55
) (./natbib.sty
Package: natbib 2000/07/24 7.0a (PWD)
\bibhang=\skip56
\bibsep=\skip57
LaTeX Info: Redefining \cite on input line 508.
\c@NAT@ctr=\count89
)
(./chapterbib.sty
\c@inputfile=\count90
Package: chapterbib 1999/04/29  v 1.8 
) (./import.sty)
(/usr/share/texmf-texlive/tex/latex/base/makeidx.sty
Package: makeidx 2000/03/29 v1.0m Standard LaTeX package
)
\@indexfile=\write3
\openout3 = `example.idx'.


Writing index file example.idx
(./cslipubs-extra.sty
Package: cslipubs-extra 2002/01/09 CSLI publications extra macros
\c@df=\count91
\c@ax=\count92
\c@theorem=\count93
\c@exer=\count94
) (./lingmacros.sty
Lingmacros: Minor revisions 3/8/01
\c@enums=\count95
\widelabel=\dimen103
\c@tempcnt=\count96
\c@enumsi=\count97
\eeindent=\dimen104
\exwidth=\skip58
) (./example.aux (./example-ch00.aux) (./example-ch01.aux) (./example-ch02.aux)
(./example-index.aux))
\openout1 = `example.aux'.

LaTeX Font Info:    Checking defaults for OML/cmm/m/it on input line 59.
LaTeX Font Info:    ... okay on input line 59.
LaTeX Font Info:    Checking defaults for T1/cmr/m/n on input line 59.
LaTeX Font Info:    ... okay on input line 59.
LaTeX Font Info:    Checking defaults for OT1/cmr/m/n on input line 59.
LaTeX Font Info:    ... okay on input line 59.
LaTeX Font Info:    Checking defaults for OMS/cmsy/m/n on input line 59.
LaTeX Font Info:    ... okay on input line 59.
LaTeX Font Info:    Checking defaults for OMX/cmex/m/n on input line 59.
LaTeX Font Info:    ... okay on input line 59.
LaTeX Font Info:    Checking defaults for U/cmr/m/n on input line 59.
LaTeX Font Info:    ... okay on input line 59.
LaTeX Font Info:    External font `cmex10' loaded for size
(Font)              <20.74> on input line 70.
LaTeX Font Info:    External font `cmex10' loaded for size
(Font)              <14.4> on input line 70.
LaTeX Font Info:    External font `cmex10' loaded for size
(Font)              <12> on input line 70.
LaTeX Font Info:    External font `cmex10' loaded for size
(Font)              <7> on input line 70.
LaTeX Font Info:    External font `cmex10' loaded for size
(Font)              <5> on input line 70.
 [1{/var/lib/texmf/fonts/map/pdftex/updmap/pdftex.map}



]
\csli@copyrightBox=\box26
LaTeX Font Info:    Try loading font information for OMS+cmr on input line 70.

(/usr/share/texmf-texlive/tex/latex/base/omscmr.fd
File: omscmr.fd 1999/05/25 v2.5h Standard LaTeX font definitions
)
LaTeX Font Info:    Font shape `OMS/cmr/m/n' in size <7> not available
(Font)              Font shape `OMS/cmsy/m/n' tried instead on input line 70.
\csli@copyrightHeight=\skip59
 (./example.toc
Seems to be a collected volume (says cslipubs.sty).
)
\tf@toc=\write4
\openout4 = `example.toc'.

 [5

]
\openout2 = `example-ch00.aux'.

 (./example-ch00.tex [6



]) [7] [8


]
\openout2 = `example-ch01.aux'.

 (./example-ch01.tex
(./example-ch01/ch01.tex
Chapter 1.
LaTeX Font Info:    Font shape `OT1/cmtt/bx/n' in size <10.95> not available
(Font)              Font shape `OT1/cmtt/m/n' tried instead on input line 25.
LaTeX Font Info:    Font shape `OT1/cmtt/bx/n' in size <9> not available
(Font)              Font shape `OT1/cmtt/m/n' tried instead on input line 25.
[1



]
LaTeX Font Info:    External font `cmex10' loaded for size
(Font)              <8> on input line 133.
LaTeX Font Info:    External font `cmex10' loaded for size
(Font)              <6> on input line 133.
 [2] [3]) (./example-ch01.bbl)) [4]
\openout2 = `example-ch02.aux'.

 (./example-ch02.tex
(./example-ch02/ch02.tex
Chapter 2.
[5




]) (./example-ch02.bbl [6])) [7] [8


]
\openout2 = `example-index.aux'.

 (./example-index.tex (./example.ind))
[9




] (./example.aux (./example-ch00.aux) (./example-ch01.aux)
(./example-ch02.aux) (./example-index.aux)) ) 
Here is how much of TeX's memory you used:
 991 strings out of 493848
 11144 string characters out of 1152822
 68249 words of memory out of 3000000
 4259 multiletter control sequences out of 15000+50000
 14041 words of font info for 49 fonts, out of 3000000 for 9000
 714 hyphenation exceptions out of 8191
 31i,11n,35p,211b,388s stack positions out of 5000i,500n,10000p,200000b,50000s
</usr/share/texmf-texlive/fonts/ty
pe1/public/amsfonts/cm/cmbx10.pfb></usr/share/texmf-texlive/fonts/type1/public/
amsfonts/cm/cmbx12.pfb></usr/share/texmf-texlive/fonts/type1/public/amsfonts/cm
/cmcsc10.pfb></usr/share/texmf-texlive/fonts/type1/public/amsfonts/cm/cmex10.pf
b></usr/share/texmf-texlive/fonts/type1/public/amsfonts/cm/cmmi10.pfb></usr/sha
re/texmf-texlive/fonts/type1/public/amsfonts/cm/cmr10.pfb></usr/share/texmf-tex
live/fonts/type1/public/amsfonts/cm/cmr12.pfb></usr/share/texmf-texlive/fonts/t
ype1/public/amsfonts/cm/cmr17.pfb></usr/share/texmf-texlive/fonts/type1/public/
amsfonts/cm/cmr6.pfb></usr/share/texmf-texlive/fonts/type1/public/amsfonts/cm/c
mr7.pfb></usr/share/texmf-texlive/fonts/type1/public/amsfonts/cm/cmr8.pfb></usr
/share/texmf-texlive/fonts/type1/public/amsfonts/cm/cmr9.pfb></usr/share/texmf-
texlive/fonts/type1/public/amsfonts/cm/cmsy10.pfb></usr/share/texmf-texlive/fon
ts/type1/public/amsfonts/cm/cmsy7.pfb></usr/share/texmf-texlive/fonts/type1/pub
lic/amsfonts/cm/cmti10.pfb></usr/share/texmf-texlive/fonts/type1/public/amsfont
s/cm/cmti7.pfb></usr/share/texmf-texlive/fonts/type1/public/amsfonts/cm/cmti9.p
fb></usr/share/texmf-texlive/fonts/type1/public/amsfonts/cm/cmtt10.pfb></usr/sh
are/texmf-texlive/fonts/type1/public/amsfonts/cm/cmtt9.pfb></usr/share/texmf-te
xlive/fonts/type1/public/amsfonts/latxfont/lcircle1.pfb></usr/share/texmf-texli
ve/fonts/type1/public/amsfonts/latxfont/line10.pfb>
Output written on example.pdf (14 pages, 285164 bytes).
PDF statistics:
 132 PDF objects out of 1000 (max. 8388607)
 0 named destinations out of 1000 (max. 500000)
 1 words of extra memory for PDF output out of 10000 (max. 10000000)

