This file contains any messages produced by compilers while
running configure, to aid debugging if configure makes a mistake.

It was created by apertium-sl-sr configure 0.1, which was
generated by GNU Autoconf 2.60.  Invocation command line was

  $ ./configure --no-create --no-recursion

## --------- ##
## Platform. ##
## --------- ##

hostname = r021
uname -m = i686
uname -r = 2.6.17-10-generic
uname -s = Linux
uname -v = #2 SMP Tue Dec 5 22:28:26 UTC 2006

/usr/bin/uname -p = unknown
/bin/uname -X     = unknown

/bin/arch              = i686
/usr/bin/arch -k       = unknown
/usr/convex/getsysinfo = unknown
/usr/bin/hostinfo      = unknown
/bin/machine           = unknown
/usr/bin/oslevel       = unknown
/bin/universe          = unknown

PATH: /home/osebje/pef/jernej
PATH: /usr/local/share/java/bin/
PATH: /usr/local/eclipse//usr/local/sbin
PATH: /usr/local/bin
PATH: /usr/sbin
PATH: /usr/bin
PATH: /sbin
PATH: /bin
PATH: /usr/bin/X11
PATH: /usr/games
PATH: /usr/pgi/linux86/6.1/bin
PATH: /home/osebje/enfuzion/enfuzion/bin


## ----------- ##
## Core tests. ##
## ----------- ##

configure:1694: checking for a BSD-compatible install
configure:1750: result: /usr/bin/install -c
configure:1761: checking whether build environment is sane
configure:1804: result: yes
configure:1869: checking for gawk
configure:1885: found /usr/bin/gawk
configure:1896: result: gawk
configure:1907: checking whether make sets $(MAKE)
configure:1928: result: yes
configure:2103: checking whether ln -s works
configure:2107: result: yes
configure:2118: checking for gawk
configure:2145: result: gawk
configure:2210: checking for pkg-config
configure:2228: found /usr/bin/pkg-config
configure:2240: result: /usr/bin/pkg-config
configure:2269: checking pkg-config is at least version 0.9.0
configure:2272: result: yes
configure:2285: checking for APERTIUM
configure:2293: $PKG_CONFIG --exists --print-errors "apertium-1.9 >= 1.9.0"
Package apertium-1.9 was not found in the pkg-config search path.
Perhaps you should add the directory containing `apertium-1.9.pc'
to the PKG_CONFIG_PATH environment variable
No package 'apertium-1.9' found
configure:2296: $? = 1
configure:2311: $PKG_CONFIG --exists --print-errors "apertium-1.9 >= 1.9.0"
Package apertium-1.9 was not found in the pkg-config search path.
Perhaps you should add the directory containing `apertium-1.9.pc'
to the PKG_CONFIG_PATH environment variable
No package 'apertium-1.9' found
configure:2314: $? = 1
No package 'apertium-1.9' found
configure:2342: result: no
configure:2347: checking for APERTIUM
configure:2355: $PKG_CONFIG --exists --print-errors "apertium-2.0 >= 2.0.0"
configure:2358: $? = 0
configure:2373: $PKG_CONFIG --exists --print-errors "apertium-2.0 >= 2.0.0"
configure:2376: $? = 0
configure:2452: result: yes
configure:2587: checking for xsltproc
configure:2605: found /usr/bin/xsltproc
configure:2618: result: /usr/bin/xsltproc
configure:2742: creating ./config.status

## ---------------- ##
## Cache variables. ##
## ---------------- ##

ac_cv_env_APERTIUM_CFLAGS_set=
ac_cv_env_APERTIUM_CFLAGS_value=
ac_cv_env_APERTIUM_LIBS_set=
ac_cv_env_APERTIUM_LIBS_value=
ac_cv_env_PKG_CONFIG_set=
ac_cv_env_PKG_CONFIG_value=
ac_cv_env_build_alias_set=
ac_cv_env_build_alias_value=
ac_cv_env_host_alias_set=
ac_cv_env_host_alias_value=
ac_cv_env_target_alias_set=
ac_cv_env_target_alias_value=
ac_cv_path_XSLTPROC=/usr/bin/xsltproc
ac_cv_path_ac_pt_PKG_CONFIG=/usr/bin/pkg-config
ac_cv_path_install='/usr/bin/install -c'
ac_cv_prog_AWK=gawk
ac_cv_prog_make_make_set=yes
pkg_cv_APERTIUM_CFLAGS='-I/usr/local/include/apertium-2.0 -I/usr/local/lib/apertium-2.0/include  '
pkg_cv_APERTIUM_LIBS='-L/usr/local/lib -lapertium-2.0  '

## ----------------- ##
## Output variables. ##
## ----------------- ##

ACLOCAL='${SHELL} /home/osebje/pef/jernej/projekti/apertium/apertium-sl-sr.0.1/missing --run aclocal-1.9'
AMTAR='${SHELL} /home/osebje/pef/jernej/projekti/apertium/apertium-sl-sr.0.1/missing --run tar'
APERTIUM_CFLAGS='-I/usr/local/include/apertium-2.0 -I/usr/local/lib/apertium-2.0/include  '
APERTIUM_LIBS='-L/usr/local/lib -lapertium-2.0  '
APERTIUM_VER='20'
AUTOCONF='${SHELL} /home/osebje/pef/jernej/projekti/apertium/apertium-sl-sr.0.1/missing --run autoconf'
AUTOHEADER='${SHELL} /home/osebje/pef/jernej/projekti/apertium/apertium-sl-sr.0.1/missing --run autoheader'
AUTOMAKE='${SHELL} /home/osebje/pef/jernej/projekti/apertium/apertium-sl-sr.0.1/missing --run automake-1.9'
AWK='gawk'
CYGPATH_W='echo'
DEFS='-DHAVE_CONFIG_H'
ECHO_C=''
ECHO_N='-n'
ECHO_T=''
INSTALL_DATA='${INSTALL} -m 644'
INSTALL_PROGRAM='${INSTALL}'
INSTALL_SCRIPT='${INSTALL}'
INSTALL_STRIP_PROGRAM='${SHELL} $(install_sh) -c -s'
LIBOBJS=''
LIBS=''
LN_S='ln -s'
LTLIBOBJS=''
MAKEINFO='${SHELL} /home/osebje/pef/jernej/projekti/apertium/apertium-sl-sr.0.1/missing --run makeinfo'
PACKAGE='apertium-sl-sr'
PACKAGE_BUGREPORT='sortiz@users.sourceforge.net'
PACKAGE_NAME='apertium-sl-sr'
PACKAGE_STRING='apertium-sl-sr 0.1'
PACKAGE_TARNAME='apertium-sl-sr'
PACKAGE_VERSION='0.1'
PATH_SEPARATOR=':'
PKG_CONFIG='/usr/bin/pkg-config'
SET_MAKE=''
SHELL='/bin/bash'
STRIP=''
VERSION='0.1'
XSLTPROC='/usr/bin/xsltproc'
am__leading_dot='.'
am__tar='${AMTAR} chof - "$$tardir"'
am__untar='${AMTAR} xf -'
bindir='${exec_prefix}/bin'
build_alias=''
datadir='${datarootdir}'
datarootdir='${prefix}/share'
docdir='${datarootdir}/doc/${PACKAGE_TARNAME}'
dvidir='${docdir}'
exec_prefix='${prefix}'
host_alias=''
htmldir='${docdir}'
includedir='${prefix}/include'
infodir='${datarootdir}/info'
install_sh='/home/osebje/pef/jernej/projekti/apertium/apertium-sl-sr.0.1/install-sh'
libdir='${exec_prefix}/lib'
libexecdir='${exec_prefix}/libexec'
localedir='${datarootdir}/locale'
localstatedir='${prefix}/var'
mandir='${datarootdir}/man'
mkdir_p='mkdir -p --'
oldincludedir='/usr/include'
pdfdir='${docdir}'
prefix='/usr/local'
program_transform_name='s,x,x,'
psdir='${docdir}'
sbindir='${exec_prefix}/sbin'
sharedstatedir='${prefix}/com'
sysconfdir='${prefix}/etc'
target_alias=''

## ----------- ##
## confdefs.h. ##
## ----------- ##

#define PACKAGE_NAME "apertium-sl-sr"
#define PACKAGE_TARNAME "apertium-sl-sr"
#define PACKAGE_VERSION "0.1"
#define PACKAGE_STRING "apertium-sl-sr 0.1"
#define PACKAGE_BUGREPORT "sortiz@users.sourceforge.net"

configure: exit 0

## ---------------------- ##
## Running config.status. ##
## ---------------------- ##

This file was extended by apertium-sl-sr config.status 0.1, which was
generated by GNU Autoconf 2.60.  Invocation command line was

  CONFIG_FILES    = Makefile
  CONFIG_HEADERS  = 
  CONFIG_LINKS    = 
  CONFIG_COMMANDS = 
  $ ./config.status 

on r021

config.status:596: creating Makefile
config.status:731: WARNING:  Makefile.in seems to ignore the --datarootdir setting
